<?xml version="1.0" encoding="UTF-8"?>
<testng-results ignored="0" total="1" passed="1" failed="0" skipped="0">
  <reporter-output>
  </reporter-output>
  <suite started-at="2022-04-13T12:15:25 IST" name="Default Suite" finished-at="2022-04-13T12:15:29 IST" duration-ms="3781">
    <groups>
    </groups>
    <test started-at="2022-04-13T12:15:25 IST" name="hu_api_track2" finished-at="2022-04-13T12:15:29 IST" duration-ms="3781">
      <class name="apiTest.postOperation">
        <test-method signature="test_05()[pri:0, instance:apiTest.postOperation@5d47c63f]" started-at="2022-04-13T12:15:25 IST" name="test_05" finished-at="2022-04-13T12:15:29 IST" duration-ms="3745" status="PASS">
          <reporter-output>
          </reporter-output>
        </test-method> <!-- test_05 -->
      </class> <!-- apiTest.postOperation -->
    </test> <!-- hu_api_track2 -->
  </suite> <!-- Default Suite -->
</testng-results>
