<?xml version="1.0" encoding="UTF-8"?>
<testng-results ignored="0" total="2" passed="2" failed="0" skipped="0">
  <reporter-output>
  </reporter-output>
  <suite started-at="2022-04-13T07:24:44 IST" name="Default Suite" finished-at="2022-04-13T07:24:47 IST" duration-ms="3144">
    <groups>
    </groups>
    <test started-at="2022-04-13T07:24:44 IST" name="hu_api_track2" finished-at="2022-04-13T07:24:47 IST" duration-ms="3144">
      <class name="apiTest.getOperation">
        <test-method signature="test_01()[pri:0, instance:apiTest.getOperation@1e67a849]" started-at="2022-04-13T07:24:44 IST" name="test_01" finished-at="2022-04-13T07:24:46 IST" duration-ms="1995" status="PASS">
          <reporter-output>
          </reporter-output>
        </test-method> <!-- test_01 -->
        <test-method signature="test_02()[pri:0, instance:apiTest.getOperation@1e67a849]" started-at="2022-04-13T07:24:46 IST" name="test_02" finished-at="2022-04-13T07:24:47 IST" duration-ms="1117" status="PASS">
          <reporter-output>
          </reporter-output>
        </test-method> <!-- test_02 -->
      </class> <!-- apiTest.getOperation -->
    </test> <!-- hu_api_track2 -->
  </suite> <!-- Default Suite -->
</testng-results>
